{"logLevel":"debug","message":"multithreading is set to false"}
{"logLevel":"debug","message":"Using reflection to scan dependencies for gauge implementations..."}
SLF4J: A number (18) of logging calls during the initialization phase have been intercepted and are
SLF4J: now being replayed. These are subject to the filtering rules of the underlying logging system.
SLF4J: See also http://www.slf4j.org/codes.html#replay
{"logLevel":"debug","message":"gauge-java took 1810milliseconds to load and scan. This should be less than 'runner_connection_timeout' config value."}
{"logLevel":"debug","message":"run 'gauge config runner_connection_timeout' and verify that it is < 1810"}
{"logLevel":"debug","message":"starting gRPC server..."}
{"logLevel":"debug","message":"started gRPC server on port 51600"}
{"logLevel":"info","message":"Listening on port:51600"}
2024-03-08 12:59:31 INFO  Reflections:219 scan - Reflections took 2514 ms to scan 101 urls, producing 13197 keys and 69630 values
{"logLevel":"debug","message":"Scanning packages for steps"}
{"logLevel":"debug","message":"Comparing 'com.trendyol.page.BaseSteps.exelToElement' and 'com.trendyol.page.BaseSteps.exelToElement'"}
{"logLevel":"debug","message":"Found {} elementine exeldeki src:{} {}.sayfadaki {} satırdaki {} sutundaki veriyi yaz  in current project scope."}
{"logLevel":"debug","message":"Comparing 'com.trendyol.page.BaseSteps.dropDownRandomddSaveAfter' and 'com.trendyol.page.BaseSteps.dropDownRandomddSaveAfter'"}
{"logLevel":"debug","message":"Found {} elementinin text değerinin boşluk sonrası/öncesi(varsa) atılır ve belleğe kaydedilir {} in current project scope."}
{"logLevel":"debug","message":"Comparing 'com.trendyol.page.BaseSteps.switchToPage2' and 'com.trendyol.page.BaseSteps.switchToPage2'"}
{"logLevel":"debug","message":"Found İkinci sekmeye geçilir in current project scope."}
{"logLevel":"debug","message":"Comparing 'com.trendyol.page.BaseSteps.checkElementValueEqualsTempData' and 'com.trendyol.page.BaseSteps.checkElementValueEqualsTempData'"}
{"logLevel":"debug","message":"Found {} elementinin text değeri tempData'da saklanan değere eşittir in current project scope."}
{"logLevel":"debug","message":"Comparing 'com.trendyol.page.BaseSteps.checkElementCountEquals' and 'com.trendyol.page.BaseSteps.checkElementCountEquals'"}
{"logLevel":"debug","message":"Found {} element size değeri {} değerine eşit mi kontrol et in current project scope."}
{"logLevel":"debug","message":"Comparing 'com.trendyol.page.BaseSteps.priceAssertionsSplit' and 'com.trendyol.page.BaseSteps.priceAssertionsSplit'"}
{"logLevel":"debug","message":"Found {} elementinin text içeriği belleğe kaydedilen text ile eşit olduğu kontrol edilir {} in current project scope."}
{"logLevel":"debug","message":"Comparing 'com.trendyol.page.BaseSteps.checkExpectedEqualsUnexpected' and 'com.trendyol.page.BaseSteps.checkExpectedEqualsUnexpected'"}
{"logLevel":"debug","message":"Found {} elementi {} değerini içerdiği {} değerini içermediği kontrol edilir in current project scope."}
{"logLevel":"debug","message":"Comparing 'com.trendyol.page.BaseSteps.clickOnRandomItemInList' and 'com.trendyol.page.BaseSteps.clickOnRandomItemInList'"}
{"logLevel":"debug","message":"Found {} menusünden random seçim yap in current project scope."}
{"logLevel":"debug","message":"Comparing 'com.trendyol.page.BaseSteps.elementAttributeValueCheck' and 'com.trendyol.page.BaseSteps.elementAttributeValueCheck'"}
{"logLevel":"debug","message":"Found {} elementinin {} niteliği {} değerine sahip mi in current project scope."}
{"logLevel":"debug","message":"Comparing 'com.trendyol.page.BaseSteps.checkElementEqualsText' and 'com.trendyol.page.BaseSteps.checkElementEqualsText'"}
{"logLevel":"debug","message":"Found {} elementi {} değerini içeriyor mu kontrol et in current project scope."}
{"logLevel":"debug","message":"Comparing 'com.trendyol.page.BaseSteps.waitSecond' and 'com.trendyol.page.BaseSteps.waitSecond'"}
{"logLevel":"debug","message":"Found {} saniye bekle in current project scope."}
{"logLevel":"debug","message":"Comparing 'com.trendyol.page.BaseSteps.pressEnter' and 'com.trendyol.page.BaseSteps.pressEnter'"}
{"logLevel":"debug","message":"Found ENTER tuşuna bas in current project scope."}
{"logLevel":"debug","message":"Comparing 'com.trendyol.page.BaseSteps.clickElement' and 'com.trendyol.page.BaseSteps.clickElement'"}
{"logLevel":"debug","message":"Found Elementine tıkla {} in current project scope."}
{"logLevel":"debug","message":"Comparing 'com.trendyol.page.BaseSteps.checkDisabled' and 'com.trendyol.page.BaseSteps.checkDisabled'"}
{"logLevel":"debug","message":"Found {} elementinin disabled olduğunu kotrol et in current project scope."}
{"logLevel":"debug","message":"Comparing 'com.trendyol.page.BaseSteps.sendKeys' and 'com.trendyol.page.BaseSteps.sendKeys'"}
{"logLevel":"debug","message":"Found {} li elementi bul temizle ve {} değerini yaz in current project scope."}
{"logLevel":"debug","message":"Scanning packages for hooks"}
{"logLevel":"debug","message":"Scanned steps (using static parsing + reflections): "}
{"logLevel":"debug","message":"\tİkinci sekmeye geçilir : public void switchToPage2()"}
{"logLevel":"debug","message":"\t{} elementi {} değerini içerdiği {} değerini içermediği kontrol edilir : public void checkExpectedEqualsUnexpected(String key, String expected, String unexpected)"}
{"logLevel":"debug","message":"\t{} elementinin text değerinin boşluk sonrası/öncesi(varsa) atılır ve belleğe kaydedilir {} : public void dropDownRandomddSaveAfter(String key, ınt count)"}
{"logLevel":"debug","message":"\t{} elementinin text içeriği belleğe kaydedilen text ile eşit olduğu kontrol edilir {} : public void priceAssertionsSplit(String key, ınt count)"}
{"logLevel":"debug","message":"\t{} elementi {} değerini içeriyor mu kontrol et : public void checkElementEqualsText(String key, String expectedText)"}
{"logLevel":"debug","message":"\t{} li elementi bul temizle ve {} değerini yaz : public void sendKeys(String key, String text)"}
{"logLevel":"debug","message":"\t{} elementine exeldeki src:{} {}.sayfadaki {} satırdaki {} sutundaki veriyi yaz  : public void exelToElement(String key, String data, Integer sayfa, Integer satir, Integer sutun) throws IOException"}
{"logLevel":"debug","message":"\t{} menusünden random seçim yap : public void clickOnRandomItemInList(String key)"}
{"logLevel":"debug","message":"\t{} elementinin text değeri tempData'da saklanan değere eşittir : public void checkElementValueEqualsTempData(String key)"}
{"logLevel":"debug","message":"\t{} saniye bekle : public void waitSecond(ınt seconds) throws InterruptedException"}
{"logLevel":"debug","message":"\t{} elementinin disabled olduğunu kotrol et : public void checkDisabled(String key)"}
{"logLevel":"debug","message":"\tENTER tuşuna bas : public void pressEnter()"}
{"logLevel":"debug","message":"\t{} element size değeri {} değerine eşit mi kontrol et : public void checkElementCountEquals(String key, ınt expectedCount)"}
{"logLevel":"debug","message":"\tElementine tıkla {} : public void clickElement(String key)"}
{"logLevel":"debug","message":"\t{} elementinin {} niteliği {} değerine sahip mi : public void elementAttributeValueCheck(String key, String attribute, String value) throws InterruptedException"}
2024-03-08 12:59:33 INFO  Reflections:219 scan - Reflections took 964 ms to scan 101 urls, producing 13102 keys and 59759 values
{"logLevel":"debug","message":"Killing Java runner..."}
{"logLevel":"debug","message":"Stopping execution pool..."}
{"logLevel":"debug","message":"Shutting down grpc server..."}
{"logLevel":"debug","message":"Runner killed gracefully."}
