{"logLevel":"debug","message":"multithreading is set to false"}
{"logLevel":"debug","message":"Using reflection to scan dependencies for gauge implementations..."}
SLF4J: A number (19) of logging calls during the initialization phase have been intercepted and are
SLF4J: now being replayed. These are subject to the filtering rules of the underlying logging system.
SLF4J: See also http://www.slf4j.org/codes.html#replay
{"logLevel":"debug","message":"gauge-java took 1270milliseconds to load and scan. This should be less than 'runner_connection_timeout' config value."}
{"logLevel":"debug","message":"run 'gauge config runner_connection_timeout' and verify that it is < 1270"}
{"logLevel":"debug","message":"starting gRPC server..."}
{"logLevel":"debug","message":"started gRPC server on port 52910"}
{"logLevel":"info","message":"Listening on port:52910"}
2024-03-10 00:21:26 INFO  Reflections:219 scan - Reflections took 1394 ms to scan 147 urls, producing 7381 keys and 38150 values
{"logLevel":"debug","message":"Scanning packages for steps"}
{"logLevel":"debug","message":"Comparing 'com.beymen.page.BaseSteps.switchToPage2' and 'com.beymen.page.BaseSteps.switchToPage2'"}
{"logLevel":"debug","message":"Found Ýkinci sekmeye geçilir in current project scope."}
{"logLevel":"debug","message":"Comparing 'com.beymen.page.BaseSteps.checkElementValueEqualsTempData' and 'com.beymen.page.BaseSteps.checkElementValueEqualsTempData'"}
{"logLevel":"debug","message":"Found {} elementinin text deðeri tempData'da saklanan deðere eþittir in current project scope."}
{"logLevel":"debug","message":"Comparing 'com.beymen.page.BaseSteps.clearelement' and 'com.beymen.page.BaseSteps.clearelement'"}
{"logLevel":"debug","message":"Found {} elementini temizle in current project scope."}
{"logLevel":"debug","message":"Comparing 'com.beymen.page.BaseSteps.pressEnter' and 'com.beymen.page.BaseSteps.pressEnter'"}
{"logLevel":"debug","message":"Found ENTER tuþuna bas in current project scope."}
{"logLevel":"debug","message":"Comparing 'com.beymen.page.BaseSteps.checkElementCountEquals' and 'com.beymen.page.BaseSteps.checkElementCountEquals'"}
{"logLevel":"debug","message":"Found {} element size deðeri {} deðerine eþit mi kontrol et in current project scope."}
{"logLevel":"debug","message":"Comparing 'com.beymen.page.BaseSteps.sendKeys' and 'com.beymen.page.BaseSteps.sendKeys'"}
{"logLevel":"debug","message":"Found {} li elementi bul temizle ve {} deðerini yaz in current project scope."}
{"logLevel":"debug","message":"Comparing 'com.beymen.page.BaseSteps.clickElement' and 'com.beymen.page.BaseSteps.clickElement'"}
{"logLevel":"debug","message":"Found Elementine týkla {} in current project scope."}
{"logLevel":"debug","message":"Comparing 'com.beymen.page.BaseSteps.dropDownRandomddSaveAfter' and 'com.beymen.page.BaseSteps.dropDownRandomddSaveAfter'"}
{"logLevel":"debug","message":"Found {} elementinin text deðerinin boþluk sonrasý atýlýr ve txt dosyasýna kaydedilir  in current project scope."}
{"logLevel":"debug","message":"Comparing 'com.beymen.page.BaseSteps.elementAttributeValueCheck' and 'com.beymen.page.BaseSteps.elementAttributeValueCheck'"}
{"logLevel":"debug","message":"Found {} elementinin {} niteliði {} deðerine sahip mi in current project scope."}
{"logLevel":"debug","message":"Comparing 'com.beymen.page.BaseSteps.selectItem' and 'com.beymen.page.BaseSteps.selectItem'"}
{"logLevel":"debug","message":"Found {} elementi varsa {} listesindeki {} elementini seç in current project scope."}
{"logLevel":"debug","message":"Comparing 'com.beymen.page.BaseSteps.excelVeriYaz' and 'com.beymen.page.BaseSteps.excelVeriYaz'"}
{"logLevel":"debug","message":"Found {} elementine Exceldeki {} .index satýr {} .index sütundaki veriyi  yaz in current project scope."}
{"logLevel":"debug","message":"Comparing 'com.beymen.page.BaseSteps.checkElementEqualsText' and 'com.beymen.page.BaseSteps.checkElementEqualsText'"}
{"logLevel":"debug","message":"Found {} elementi {} deðerini içeriyor mu kontrol et in current project scope."}
{"logLevel":"debug","message":"Comparing 'com.beymen.page.BaseSteps.priceAssertionsSplit' and 'com.beymen.page.BaseSteps.priceAssertionsSplit'"}
{"logLevel":"debug","message":"Found {} elementinin text içeriði belleðe kaydedilen text ile eþit olduðu kontrol edilir {} in current project scope."}
{"logLevel":"debug","message":"Comparing 'com.beymen.page.BaseSteps.checkDisabled' and 'com.beymen.page.BaseSteps.checkDisabled'"}
{"logLevel":"debug","message":"Found {} elementinin disabled olduðunu kotrol et in current project scope."}
{"logLevel":"debug","message":"Comparing 'com.beymen.page.BaseSteps.waitSecond' and 'com.beymen.page.BaseSteps.waitSecond'"}
{"logLevel":"debug","message":"Found {} saniye bekle in current project scope."}
{"logLevel":"debug","message":"Comparing 'com.beymen.page.BaseSteps.clickOnRandomItemInList' and 'com.beymen.page.BaseSteps.clickOnRandomItemInList'"}
{"logLevel":"debug","message":"Found {} menusünden random seçim yap in current project scope."}
{"logLevel":"debug","message":"Comparing 'com.beymen.page.BaseSteps.checkExpectedEqualsUnexpected' and 'com.beymen.page.BaseSteps.checkExpectedEqualsUnexpected'"}
{"logLevel":"debug","message":"Found {} elementi {} deðerini içerdiði {} deðerini içermediði kontrol edilir in current project scope."}
{"logLevel":"debug","message":"Scanning packages for hooks"}
{"logLevel":"debug","message":"Scanned steps (using static parsing + reflections): "}
{"logLevel":"debug","message":"\tÝkinci sekmeye geçilir : public void switchToPage2()"}
{"logLevel":"debug","message":"\t{} elementi {} deðerini içerdiði {} deðerini içermediði kontrol edilir : public void checkExpectedEqualsUnexpected(String key, String expected, String unexpected)"}
{"logLevel":"debug","message":"\t{} elementinin text içeriði belleðe kaydedilen text ile eþit olduðu kontrol edilir {} : public void priceAssertionsSplit(String key, ýnt count) throws FileNotFoundException"}
{"logLevel":"debug","message":"\t{} elementi {} deðerini içeriyor mu kontrol et : public void checkElementEqualsText(String key, String expectedText)"}
{"logLevel":"debug","message":"\t{} elementini temizle : public void clearelement(String key)"}
{"logLevel":"debug","message":"\t{} li elementi bul temizle ve {} deðerini yaz : public void sendKeys(String key, String text)"}
{"logLevel":"debug","message":"\t{} menusünden random seçim yap : public void clickOnRandomItemInList(String key)"}
{"logLevel":"debug","message":"\t{} elementinin text deðeri tempData'da saklanan deðere eþittir : public void checkElementValueEqualsTempData(String key)"}
{"logLevel":"debug","message":"\t{} saniye bekle : public void waitSecond(ýnt seconds) throws InterruptedException"}
{"logLevel":"debug","message":"\t{} elementinin disabled olduðunu kotrol et : public void checkDisabled(String key)"}
{"logLevel":"debug","message":"\t{} elementinin text deðerinin boþluk sonrasý atýlýr ve txt dosyasýna kaydedilir  : public void dropDownRandomddSaveAfter(String key)"}
{"logLevel":"debug","message":"\tENTER tuþuna bas : public void pressEnter()"}
{"logLevel":"debug","message":"\t{} element size deðeri {} deðerine eþit mi kontrol et : public void checkElementCountEquals(String key, ýnt expectedCount)"}
{"logLevel":"debug","message":"\tElementine týkla {} : public void clickElement(String key)"}
{"logLevel":"debug","message":"\t{} elementinin {} niteliði {} deðerine sahip mi : public void elementAttributeValueCheck(String key, String attribute, String value) throws InterruptedException"}
{"logLevel":"debug","message":"\t{} elementi varsa {} listesindeki {} elementini seç : public void selectItem(String key, String key1, String value)"}
{"logLevel":"debug","message":"\t{} elementine Exceldeki {} .index satýr {} .index sütundaki veriyi  yaz : public void excelVeriYaz(String element, Integer index, Integer index2) throws IOException"}
2024-03-10 00:21:27 INFO  Reflections:219 scan - Reflections took 546 ms to scan 147 urls, producing 7303 keys and 30618 values
{"logLevel":"debug","message":"Killing Java runner..."}
{"logLevel":"debug","message":"Stopping execution pool..."}
{"logLevel":"debug","message":"Shutting down grpc server..."}
{"logLevel":"debug","message":"Runner killed gracefully."}
